Determining if the pthread_create exist failed with the following output:
Change Dir: /home/saffin/Bureau/Modelisation3D/TP4_code/build/CMakeFiles/CMakeTmp

Run Build Command:"/usr/bin/make" "cmTC_8898c/fast"
/usr/bin/make -f CMakeFiles/cmTC_8898c.dir/build.make CMakeFiles/cmTC_8898c.dir/build
make[1] : on entre dans le répertoire « /home/saffin/Bureau/Modelisation3D/TP4_code/build/CMakeFiles/CMakeTmp »
Building C object CMakeFiles/cmTC_8898c.dir/CheckSymbolExists.c.o
/usr/bin/cc     -o CMakeFiles/cmTC_8898c.dir/CheckSymbolExists.c.o   -c /home/saffin/Bureau/Modelisation3D/TP4_code/build/CMakeFiles/CMakeTmp/CheckSymbolExists.c
Linking C executable cmTC_8898c
/usr/bin/cmake -E cmake_link_script CMakeFiles/cmTC_8898c.dir/link.txt --verbose=1
/usr/bin/cc       CMakeFiles/cmTC_8898c.dir/CheckSymbolExists.c.o  -o cmTC_8898c -rdynamic 
CMakeFiles/cmTC_8898c.dir/CheckSymbolExists.c.o : Dans la fonction « main » :
CheckSymbolExists.c:(.text+0x16) : référence indéfinie vers « pthread_create »
collect2: error: ld returned 1 exit status
CMakeFiles/cmTC_8898c.dir/build.make:97 : la recette pour la cible « cmTC_8898c » a échouée
make[1]: *** [cmTC_8898c] Erreur 1
make[1] : on quitte le répertoire « /home/saffin/Bureau/Modelisation3D/TP4_code/build/CMakeFiles/CMakeTmp »
Makefile:126 : la recette pour la cible « cmTC_8898c/fast » a échouée
make: *** [cmTC_8898c/fast] Erreur 2

File /home/saffin/Bureau/Modelisation3D/TP4_code/build/CMakeFiles/CMakeTmp/CheckSymbolExists.c:
/* */
#include <pthread.h>

int main(int argc, char** argv)
{
  (void)argv;
#ifndef pthread_create
  return ((int*)(&pthread_create))[argc];
#else
  (void)argc;
  return 0;
#endif
}

Determining if the function pthread_create exists in the pthreads failed with the following output:
Change Dir: /home/saffin/Bureau/Modelisation3D/TP4_code/build/CMakeFiles/CMakeTmp

Run Build Command:"/usr/bin/make" "cmTC_8042b/fast"
/usr/bin/make -f CMakeFiles/cmTC_8042b.dir/build.make CMakeFiles/cmTC_8042b.dir/build
make[1] : on entre dans le répertoire « /home/saffin/Bureau/Modelisation3D/TP4_code/build/CMakeFiles/CMakeTmp »
Building C object CMakeFiles/cmTC_8042b.dir/CheckFunctionExists.c.o
/usr/bin/cc    -DCHECK_FUNCTION_EXISTS=pthread_create   -o CMakeFiles/cmTC_8042b.dir/CheckFunctionExists.c.o   -c /usr/share/cmake-3.5/Modules/CheckFunctionExists.c
Linking C executable cmTC_8042b
/usr/bin/cmake -E cmake_link_script CMakeFiles/cmTC_8042b.dir/link.txt --verbose=1
/usr/bin/cc   -DCHECK_FUNCTION_EXISTS=pthread_create    CMakeFiles/cmTC_8042b.dir/CheckFunctionExists.c.o  -o cmTC_8042b -rdynamic -lpthreads 
/usr/bin/ld : ne peut trouver -lpthreads
collect2: error: ld returned 1 exit status
CMakeFiles/cmTC_8042b.dir/build.make:97 : la recette pour la cible « cmTC_8042b » a échouée
make[1]: *** [cmTC_8042b] Erreur 1
make[1] : on quitte le répertoire « /home/saffin/Bureau/Modelisation3D/TP4_code/build/CMakeFiles/CMakeTmp »
Makefile:126 : la recette pour la cible « cmTC_8042b/fast » a échouée
make: *** [cmTC_8042b/fast] Erreur 2


